* Starting client
* Connecting to master process on port 8355
* Analyzing classpath: 
  - C:\Users\Amin\Projects\test-project\test-evosuite\target\test-classes
  - C:\Users\Amin\Projects\test-project\test-evosuite\target\classes
  - C:\Users\Amin\.m2\repository\org\projectlombok\lombok\1.18.28\lombok-1.18.28.jar
  - C:\Users\Amin\.m2\repository\junit\junit\4.12\junit-4.12.jar
  - C:\Users\Amin\.m2\repository\org\hamcrest\hamcrest-core\1.3\hamcrest-core-1.3.jar
* Finished analyzing classpath
* Generating tests for class org.example.Ticket
* Test criteria:
  - Line Coverage
  - Branch Coverage
  - Exception
  - Mutation testing (weak)
  - Method-Output Coverage
  - Top-Level Method Coverage
  - No-Exception Top-Level Method Coverage
  - Context Branch Coverage
* Setting up search algorithm for whole suite generation
* Loaded 30 tests from C:\Users\Amin\Projects\test-project\test-evosuite\.evosuite\evosuite-seeds\org.example.Ticket.seed
* Total number of test goals: 
  - Line 26
  - Branch 23
  - Exception 0
  - MutationFactory 112
  - Output 11
  - Method 6
  - MethodNoException 6
  - CBranchFitnessFactory 23
* Using seed 1689200339100
* Starting evolution
[MASTER] 01:49:37.126 [pool-2-thread-1] WARN  TimeController - Phase INITIALIZATION lasted too long, 18 seconds more than allowed.
* Search finished after 68s and 130 generations, 27914 statements, best individual has fitness: 15.199999422196768
* Writing sequences to pool
* Minimizing test suite
* Going to analyze the coverage criteria
* Coverage analysis for criterion LINE
* Coverage of criterion LINE: 100%
* Total number of goals: 26
* Number of covered goals: 26
* Coverage analysis for criterion BRANCH
* Coverage of criterion BRANCH: 100%
* Total number of goals: 23
* Number of covered goals: 23
* Coverage analysis for criterion EXCEPTION
* Coverage of criterion EXCEPTION: 100%
* Total number of goals: 4
* Number of covered goals: 4
* Coverage analysis for criterion WEAKMUTATION
* Coverage of criterion WEAKMUTATION: 90%
* Total number of goals: 112
* Number of covered goals: 101
* Coverage analysis for criterion OUTPUT
* Coverage of criterion OUTPUT: 36%
* Total number of goals: 11
* Number of covered goals: 4
* Coverage analysis for criterion METHOD
* Coverage of criterion METHOD: 100%
* Total number of goals: 6
* Number of covered goals: 6
* Coverage analysis for criterion METHODNOEXCEPTION
* Coverage of criterion METHODNOEXCEPTION: 100%
* Total number of goals: 6
* Number of covered goals: 6
* Coverage analysis for criterion CBRANCH
* Coverage of criterion CBRANCH: 100%
* Total number of goals: 23
* Number of covered goals: 23
* Generated 15 tests with total length 44
* Resulting test suite's coverage: 91% (average coverage for all fitness functions)
* Generating assertions
* Resulting test suite's mutation score: 55%
* Compiling and checking tests
* Writing JUnit test case 'Ticket_ESTest' to C:\Users\Amin\Projects\test-project\test-evosuite\.evosuite\tmp_2023_07_13_01_48_50\tests
* Done!

