* Starting client
* Connecting to master process on port 12558
* Analyzing classpath: 
  - C:\Users\Amin\Projects\test-project\test-evosuite\target\test-classes
  - C:\Users\Amin\Projects\test-project\test-evosuite\target\classes
  - C:\Users\Amin\.m2\repository\org\projectlombok\lombok\1.18.28\lombok-1.18.28.jar
  - C:\Users\Amin\.m2\repository\junit\junit\4.12\junit-4.12.jar
  - C:\Users\Amin\.m2\repository\org\hamcrest\hamcrest-core\1.3\hamcrest-core-1.3.jar
* Finished analyzing classpath
* Generating tests for class org.example.Functions
* Test criteria:
  - Line Coverage
  - Branch Coverage
  - Exception
  - Mutation testing (weak)
  - Method-Output Coverage
  - Top-Level Method Coverage
  - No-Exception Top-Level Method Coverage
  - Context Branch Coverage
* Setting up search algorithm for whole suite generation
* Loaded 98 tests from C:\Users\Amin\Projects\test-project\test-evosuite\.evosuite\evosuite-seeds\org.example.Functions.seed
* Total number of test goals: 
  - Line 110
  - Branch 118
  - Exception 0
  - MutationFactory 340
  - Output 48
  - Method 16
  - MethodNoException 16
  - CBranchFitnessFactory 118
* Using seed 1689200338772
* Starting evolution
* Search finished after 159s and 99 generations, 12803 statements, best individual has fitness: 482.19021080973096
* Writing sequences to pool
* Minimizing test suite
* Going to analyze the coverage criteria
* Coverage analysis for criterion LINE
* Coverage of criterion LINE: 61%
* Total number of goals: 110
* Number of covered goals: 67
* Coverage analysis for criterion BRANCH
* Coverage of criterion BRANCH: 49%
* Total number of goals: 118
* Number of covered goals: 58
* Coverage analysis for criterion EXCEPTION
* Coverage of criterion EXCEPTION: 100%
* Total number of goals: 42
* Number of covered goals: 42
* Coverage analysis for criterion WEAKMUTATION
* Coverage of criterion WEAKMUTATION: 50%
* Total number of goals: 340
* Number of covered goals: 171
* Coverage analysis for criterion OUTPUT
* Coverage of criterion OUTPUT: 2%
* Total number of goals: 48
* Number of covered goals: 1
* Coverage analysis for criterion METHOD
* Coverage of criterion METHOD: 100%
* Total number of goals: 16
* Number of covered goals: 16
* Coverage analysis for criterion METHODNOEXCEPTION
* Coverage of criterion METHODNOEXCEPTION: 12%
* Total number of goals: 16
* Number of covered goals: 2
* Coverage analysis for criterion CBRANCH
* Coverage of criterion CBRANCH: 49%
* Total number of goals: 118
* Number of covered goals: 58
* Generated 52 tests with total length 81
* Resulting test suite's coverage: 53% (average coverage for all fitness functions)
* Generating assertions
* Resulting test suite's mutation score: 6%
* Compiling and checking tests
* Writing JUnit test case 'Functions_ESTest' to C:\Users\Amin\Projects\test-project\test-evosuite\.evosuite\tmp_2023_07_13_01_48_50\tests
* Done!

