* Starting client
* Connecting to master process on port 14678
* Analyzing classpath: 
  - C:\Users\Amin\Projects\test-project\test-evosuite\target\test-classes
  - C:\Users\Amin\Projects\test-project\test-evosuite\target\classes
  - C:\Users\Amin\.m2\repository\org\projectlombok\lombok\1.18.28\lombok-1.18.28.jar
  - C:\Users\Amin\.m2\repository\junit\junit\4.12\junit-4.12.jar
  - C:\Users\Amin\.m2\repository\org\hamcrest\hamcrest-core\1.3\hamcrest-core-1.3.jar
* Finished analyzing classpath
* Generating tests for class org.example.FileScanner
* Test criteria:
  - Line Coverage
  - Branch Coverage
  - Exception
  - Mutation testing (weak)
  - Method-Output Coverage
  - Top-Level Method Coverage
  - No-Exception Top-Level Method Coverage
  - Context Branch Coverage
* Setting up search algorithm for whole suite generation
* Loaded 9 tests from C:\Users\Amin\Projects\test-project\test-evosuite\.evosuite\evosuite-seeds\org.example.FileScanner.seed
* Total number of test goals: 
  - Line 10
  - Branch 11
  - Exception 0
  - MutationFactory 7
  - Output 6
  - Method 2
  - MethodNoException 2
  - CBranchFitnessFactory 11
* Using seed 1689200494247
* Starting evolution
[MASTER] 01:51:49.010 [pool-2-thread-1] WARN  TimeController - Phase INITIALIZATION lasted too long, 4 seconds more than allowed.
* Search finished after 50s and 276 generations, 43724 statements, best individual has fitness: 11.333333333333334
* Writing sequences to pool
* Minimizing test suite
* Going to analyze the coverage criteria
* Coverage analysis for criterion LINE
* Coverage of criterion LINE: 100%
* Total number of goals: 10
* Number of covered goals: 10
* Coverage analysis for criterion BRANCH
* Coverage of criterion BRANCH: 64%
* Total number of goals: 11
* Number of covered goals: 7
* Coverage analysis for criterion EXCEPTION
* Coverage of criterion EXCEPTION: 100%
* Total number of goals: 2
* Number of covered goals: 2
* Coverage analysis for criterion WEAKMUTATION
* Coverage of criterion WEAKMUTATION: 100%
* Total number of goals: 7
* Number of covered goals: 7
* Coverage analysis for criterion OUTPUT
* Coverage of criterion OUTPUT: 67%
* Total number of goals: 6
* Number of covered goals: 4
* Coverage analysis for criterion METHOD
* Coverage of criterion METHOD: 100%
* Total number of goals: 2
* Number of covered goals: 2
* Coverage analysis for criterion METHODNOEXCEPTION
* Coverage of criterion METHODNOEXCEPTION: 100%
* Total number of goals: 2
* Number of covered goals: 2
* Coverage analysis for criterion CBRANCH
* Coverage of criterion CBRANCH: 64%
* Total number of goals: 11
* Number of covered goals: 7
* Generated 5 tests with total length 14
* Resulting test suite's coverage: 87% (average coverage for all fitness functions)
* Generating assertions
* Resulting test suite's mutation score: 29%
* Compiling and checking tests
[MASTER] 01:52:52.202 [pool-2-thread-1] WARN  TestSuiteGenerator - JUnit checking timed out
[MASTER] 01:52:52.203 [pool-2-thread-1] WARN  TimeController - Phase JUNIT_CHECK lasted too long, 5 seconds more than allowed.
* Writing JUnit test case 'FileScanner_ESTest' to C:\Users\Amin\Projects\test-project\test-evosuite\.evosuite\tmp_2023_07_13_01_48_50\tests
* Done!

