* Starting client
* Connecting to master process on port 11940
* Analyzing classpath: 
  - C:\Users\Amin\Projects\test-project\test-evosuite\target\test-classes
  - C:\Users\Amin\Projects\test-project\test-evosuite\target\classes
  - C:\Users\Amin\.m2\repository\org\projectlombok\lombok\1.18.28\lombok-1.18.28.jar
  - C:\Users\Amin\.m2\repository\junit\junit\4.12\junit-4.12.jar
  - C:\Users\Amin\.m2\repository\org\hamcrest\hamcrest-core\1.3\hamcrest-core-1.3.jar
* Finished analyzing classpath
* Generating tests for class org.example.filter.Input
* Test criteria:
  - Line Coverage
  - Branch Coverage
  - Exception
  - Mutation testing (weak)
  - Method-Output Coverage
  - Top-Level Method Coverage
  - No-Exception Top-Level Method Coverage
  - Context Branch Coverage
* Setting up search algorithm for whole suite generation
* Loaded 34 tests from C:\Users\Amin\Projects\test-project\test-evosuite\.evosuite\evosuite-seeds\org.example.filter.Input.seed
* Total number of test goals: 
  - Line 25
  - Branch 25
  - Exception 0
  - MutationFactory 26
  - Output 40
  - Method 25
  - MethodNoException 25
  - CBranchFitnessFactory 25
* Using seed 1689200646913
* Starting evolution
[MASTER] 01:54:17.261 [pool-2-thread-1] WARN  TimeController - Phase INITIALIZATION lasted too long, 3 seconds more than allowed.
* Search finished after 6s and 1 generations, 7223 statements, best individual has fitness: 1.0
* Writing sequences to pool
* Minimizing test suite
* Going to analyze the coverage criteria
* Coverage analysis for criterion LINE
* Coverage of criterion LINE: 100%
* Total number of goals: 25
* Number of covered goals: 25
* Coverage analysis for criterion BRANCH
* Coverage of criterion BRANCH: 100%
* Total number of goals: 25
* Number of covered goals: 25
* Coverage analysis for criterion EXCEPTION
* Coverage of criterion EXCEPTION: 100% (no goals)
* Coverage analysis for criterion WEAKMUTATION
* Coverage of criterion WEAKMUTATION: 100%
* Total number of goals: 26
* Number of covered goals: 26
* Coverage analysis for criterion OUTPUT
* Coverage of criterion OUTPUT: 100%
* Total number of goals: 40
* Number of covered goals: 40
* Coverage analysis for criterion METHOD
* Coverage of criterion METHOD: 100%
* Total number of goals: 25
* Number of covered goals: 25
* Coverage analysis for criterion METHODNOEXCEPTION
* Coverage of criterion METHODNOEXCEPTION: 100%
* Total number of goals: 25
* Number of covered goals: 25
* Coverage analysis for criterion CBRANCH
* Coverage of criterion CBRANCH: 100%
* Total number of goals: 25
* Number of covered goals: 25
* Generated 42 tests with total length 120
* Resulting test suite's coverage: 100% (average coverage for all fitness functions)
* Generating assertions
* Resulting test suite's mutation score: 80%
* Compiling and checking tests
* Writing JUnit test case 'Input_ESTest' to C:\Users\Amin\Projects\test-project\test-evosuite\.evosuite\tmp_2023_07_13_01_48_50\tests
* Done!

